[2024-05-10T08:40:32.403+0000] {local_task_job_runner.py:120} INFO - ::group::Pre task execution logs
[2024-05-10T08:40:32.419+0000] {taskinstance.py:2073} INFO - Dependencies all met for dep_context=non-requeueable deps ti=<TaskInstance: xcom_push_and_pull_example_dag.pull_from_multiple manual__2024-05-10T08:40:30.265087+00:00 [queued]>
[2024-05-10T08:40:32.424+0000] {taskinstance.py:2073} INFO - Dependencies all met for dep_context=requeueable deps ti=<TaskInstance: xcom_push_and_pull_example_dag.pull_from_multiple manual__2024-05-10T08:40:30.265087+00:00 [queued]>
[2024-05-10T08:40:32.424+0000] {taskinstance.py:2303} INFO - Starting attempt 1 of 1
[2024-05-10T08:40:32.430+0000] {taskinstance.py:2327} INFO - Executing <Task(PythonOperator): pull_from_multiple> on 2024-05-10 08:40:30.265087+00:00
[2024-05-10T08:40:32.435+0000] {logging_mixin.py:188} WARNING - /home/***/.local/lib/python3.12/site-packages/***/task/task_runner/standard_task_runner.py:61 DeprecationWarning: This process (pid=3894) is multi-threaded, use of fork() may lead to deadlocks in the child.
[2024-05-10T08:40:32.435+0000] {standard_task_runner.py:63} INFO - Started process 3896 to run task
[2024-05-10T08:40:32.435+0000] {standard_task_runner.py:90} INFO - Running: ['***', 'tasks', 'run', 'xcom_push_and_pull_example_dag', 'pull_from_multiple', 'manual__2024-05-10T08:40:30.265087+00:00', '--job-id', '5783', '--raw', '--subdir', 'DAGS_FOLDER/io_dag.py', '--cfg-path', '/tmp/tmp4zfmtyxk']
[2024-05-10T08:40:32.436+0000] {standard_task_runner.py:91} INFO - Job 5783: Subtask pull_from_multiple
[2024-05-10T08:40:32.458+0000] {task_command.py:426} INFO - Running <TaskInstance: xcom_push_and_pull_example_dag.pull_from_multiple manual__2024-05-10T08:40:30.265087+00:00 [running]> on host 92f239b8dd4a
[2024-05-10T08:40:32.499+0000] {taskinstance.py:2644} INFO - Exporting env vars: AIRFLOW_CTX_DAG_OWNER='***' AIRFLOW_CTX_DAG_ID='xcom_push_and_pull_example_dag' AIRFLOW_CTX_TASK_ID='pull_from_multiple' AIRFLOW_CTX_EXECUTION_DATE='2024-05-10T08:40:30.265087+00:00' AIRFLOW_CTX_TRY_NUMBER='1' AIRFLOW_CTX_DAG_RUN_ID='manual__2024-05-10T08:40:30.265087+00:00'
[2024-05-10T08:40:32.500+0000] {taskinstance.py:430} INFO - ::endgroup::
[2024-05-10T08:40:32.510+0000] {taskinstance.py:441} INFO - ::group::Post task execution logs
[2024-05-10T08:40:32.511+0000] {taskinstance.py:2890} ERROR - Task failed with exception
Traceback (most recent call last):
  File "/home/airflow/.local/lib/python3.12/site-packages/sqlalchemy/engine/base.py", line 1910, in _execute_context
    self.dialect.do_execute(
  File "/home/airflow/.local/lib/python3.12/site-packages/sqlalchemy/engine/default.py", line 736, in do_execute
    cursor.execute(statement, parameters)
psycopg2.errors.UndefinedFunction: operator does not exist: character varying = text[]
LINE 4: WHERE xcom.key = ARRAY['return_value','my_key'] AND xcom.tas...
                       ^
HINT:  No operator matches the given name and argument types. You might need to add explicit type casts.


The above exception was the direct cause of the following exception:

Traceback (most recent call last):
  File "/home/airflow/.local/lib/python3.12/site-packages/airflow/models/taskinstance.py", line 465, in _execute_task
    result = _execute_callable(context=context, **execute_callable_kwargs)
             ^^^^^^^^^^^^^^^^^^^^^^^^^^^^^^^^^^^^^^^^^^^^^^^^^^^^^^^^^^^^^
  File "/home/airflow/.local/lib/python3.12/site-packages/airflow/models/taskinstance.py", line 432, in _execute_callable
    return execute_callable(context=context, **execute_callable_kwargs)
           ^^^^^^^^^^^^^^^^^^^^^^^^^^^^^^^^^^^^^^^^^^^^^^^^^^^^^^^^^^^^
  File "/home/airflow/.local/lib/python3.12/site-packages/airflow/models/baseoperator.py", line 400, in wrapper
    return func(self, *args, **kwargs)
           ^^^^^^^^^^^^^^^^^^^^^^^^^^^
  File "/home/airflow/.local/lib/python3.12/site-packages/airflow/operators/python.py", line 235, in execute
    return_value = self.execute_callable()
                   ^^^^^^^^^^^^^^^^^^^^^^^
  File "/home/airflow/.local/lib/python3.12/site-packages/airflow/operators/python.py", line 252, in execute_callable
    return self.python_callable(*self.op_args, **self.op_kwargs)
           ^^^^^^^^^^^^^^^^^^^^^^^^^^^^^^^^^^^^^^^^^^^^^^^^^^^^^
  File "/opt/airflow/dags/io_dag.py", line 22, in pull_from_multiple
    print(values)
  File "/home/airflow/.local/lib/python3.12/site-packages/airflow/models/xcom.py", line 764, in __str__
    return str(list(self))
               ^^^^^^^^^^
  File "/home/airflow/.local/lib/python3.12/site-packages/airflow/models/xcom.py", line 795, in __len__
    self._len = query.count()
                ^^^^^^^^^^^^^
  File "/home/airflow/.local/lib/python3.12/site-packages/sqlalchemy/orm/query.py", line 3176, in count
    return self._from_self(col).enable_eagerloads(False).scalar()
           ^^^^^^^^^^^^^^^^^^^^^^^^^^^^^^^^^^^^^^^^^^^^^^^^^^^^^^
  File "/home/airflow/.local/lib/python3.12/site-packages/sqlalchemy/orm/query.py", line 2893, in scalar
    ret = self.one()
          ^^^^^^^^^^
  File "/home/airflow/.local/lib/python3.12/site-packages/sqlalchemy/orm/query.py", line 2870, in one
    return self._iter().one()
           ^^^^^^^^^^^^
  File "/home/airflow/.local/lib/python3.12/site-packages/sqlalchemy/orm/query.py", line 2916, in _iter
    result = self.session.execute(
             ^^^^^^^^^^^^^^^^^^^^^
  File "/home/airflow/.local/lib/python3.12/site-packages/sqlalchemy/orm/session.py", line 1717, in execute
    result = conn._execute_20(statement, params or {}, execution_options)
             ^^^^^^^^^^^^^^^^^^^^^^^^^^^^^^^^^^^^^^^^^^^^^^^^^^^^^^^^^^^^
  File "/home/airflow/.local/lib/python3.12/site-packages/sqlalchemy/engine/base.py", line 1710, in _execute_20
    return meth(self, args_10style, kwargs_10style, execution_options)
           ^^^^^^^^^^^^^^^^^^^^^^^^^^^^^^^^^^^^^^^^^^^^^^^^^^^^^^^^^^^
  File "/home/airflow/.local/lib/python3.12/site-packages/sqlalchemy/sql/elements.py", line 334, in _execute_on_connection
    return connection._execute_clauseelement(
           ^^^^^^^^^^^^^^^^^^^^^^^^^^^^^^^^^^
  File "/home/airflow/.local/lib/python3.12/site-packages/sqlalchemy/engine/base.py", line 1577, in _execute_clauseelement
    ret = self._execute_context(
          ^^^^^^^^^^^^^^^^^^^^^^
  File "/home/airflow/.local/lib/python3.12/site-packages/sqlalchemy/engine/base.py", line 1953, in _execute_context
    self._handle_dbapi_exception(
  File "/home/airflow/.local/lib/python3.12/site-packages/sqlalchemy/engine/base.py", line 2134, in _handle_dbapi_exception
    util.raise_(
  File "/home/airflow/.local/lib/python3.12/site-packages/sqlalchemy/util/compat.py", line 211, in raise_
    raise exception
  File "/home/airflow/.local/lib/python3.12/site-packages/sqlalchemy/engine/base.py", line 1910, in _execute_context
    self.dialect.do_execute(
  File "/home/airflow/.local/lib/python3.12/site-packages/sqlalchemy/engine/default.py", line 736, in do_execute
    cursor.execute(statement, parameters)
sqlalchemy.exc.ProgrammingError: (psycopg2.errors.UndefinedFunction) operator does not exist: character varying = text[]
LINE 4: WHERE xcom.key = ARRAY['return_value','my_key'] AND xcom.tas...
                       ^
HINT:  No operator matches the given name and argument types. You might need to add explicit type casts.

[SQL: SELECT count(*) AS count_1 
FROM (SELECT xcom.value AS xcom_value 
FROM xcom JOIN dag_run ON xcom.dag_run_id = dag_run.id 
WHERE xcom.key = %(key_1)s AND xcom.task_id IN (%(task_id_1_1)s, %(task_id_1_2)s) AND xcom.dag_id = %(dag_id_1)s AND xcom.run_id = %(run_id_1)s ORDER BY CASE xcom.task_id WHEN %(param_1)s THEN %(param_2)s WHEN %(param_3)s THEN %(param_4)s END, xcom.map_index) AS anon_1]
[parameters: {'key_1': ['return_value', 'my_key'], 'dag_id_1': 'xcom_push_and_pull_example_dag', 'run_id_1': 'manual__2024-05-10T08:40:30.265087+00:00', 'param_1': 'push_by_returning', 'param_2': 0, 'param_3': 'no_target_push', 'param_4': 1, 'task_id_1_1': 'push_by_returning', 'task_id_1_2': 'no_target_push'}]
(Background on this error at: https://sqlalche.me/e/14/f405)
[2024-05-10T08:40:32.517+0000] {standard_task_runner.py:110} ERROR - Failed to execute job 5783 for task pull_from_multiple ((psycopg2.errors.InFailedSqlTransaction) current transaction is aborted, commands ignored until end of transaction block

[SQL: SELECT task_instance.task_id AS task_instance_task_id, task_instance.dag_id AS task_instance_dag_id, task_instance.run_id AS task_instance_run_id, task_instance.map_index AS task_instance_map_index, task_instance.start_date AS task_instance_start_date, task_instance.end_date AS task_instance_end_date, task_instance.duration AS task_instance_duration, task_instance.state AS task_instance_state, task_instance.try_number AS task_instance_try_number, task_instance.max_tries AS task_instance_max_tries, task_instance.hostname AS task_instance_hostname, task_instance.unixname AS task_instance_unixname, task_instance.job_id AS task_instance_job_id, task_instance.pool AS task_instance_pool, task_instance.pool_slots AS task_instance_pool_slots, task_instance.queue AS task_instance_queue, task_instance.priority_weight AS task_instance_priority_weight, task_instance.operator AS task_instance_operator, task_instance.custom_operator_name AS task_instance_custom_operator_name, task_instance.queued_dttm AS task_instance_queued_dttm, task_instance.queued_by_job_id AS task_instance_queued_by_job_id, task_instance.pid AS task_instance_pid, task_instance.executor_config AS task_instance_executor_config, task_instance.updated_at AS task_instance_updated_at, task_instance.rendered_map_index AS task_instance_rendered_map_index, task_instance.external_executor_id AS task_instance_external_executor_id, task_instance.trigger_id AS task_instance_trigger_id, task_instance.trigger_timeout AS task_instance_trigger_timeout, task_instance.next_method AS task_instance_next_method, task_instance.next_kwargs AS task_instance_next_kwargs, task_instance.task_display_name AS task_instance_task_display_name 
FROM task_instance 
WHERE task_instance.dag_id = %(dag_id_1)s AND task_instance.run_id = %(run_id_1)s AND task_instance.task_id = %(task_id_1)s AND task_instance.map_index = %(map_index_1)s]
[parameters: {'dag_id_1': 'xcom_push_and_pull_example_dag', 'run_id_1': 'manual__2024-05-10T08:40:30.265087+00:00', 'task_id_1': 'pull_from_multiple', 'map_index_1': -1}]
(Background on this error at: https://sqlalche.me/e/14/2j85); 3896)
[2024-05-10T08:40:32.533+0000] {local_task_job_runner.py:240} INFO - Task exited with return code 1
[2024-05-10T08:40:32.542+0000] {taskinstance.py:3482} INFO - 0 downstream tasks scheduled from follow-on schedule check
[2024-05-10T08:40:32.543+0000] {local_task_job_runner.py:222} INFO - ::endgroup::
