[2024-05-10T08:59:59.759+0000] {local_task_job_runner.py:120} INFO - ::group::Pre task execution logs
[2024-05-10T08:59:59.774+0000] {taskinstance.py:2073} INFO - Dependencies all met for dep_context=non-requeueable deps ti=<TaskInstance: xcom_push_and_pull_example_dag.pull_from_one manual__2024-05-10T08:59:57.454347+00:00 [queued]>
[2024-05-10T08:59:59.779+0000] {taskinstance.py:2073} INFO - Dependencies all met for dep_context=requeueable deps ti=<TaskInstance: xcom_push_and_pull_example_dag.pull_from_one manual__2024-05-10T08:59:57.454347+00:00 [queued]>
[2024-05-10T08:59:59.779+0000] {taskinstance.py:2303} INFO - Starting attempt 1 of 1
[2024-05-10T08:59:59.785+0000] {taskinstance.py:2327} INFO - Executing <Task(PythonOperator): pull_from_one> on 2024-05-10 08:59:57.454347+00:00
[2024-05-10T08:59:59.789+0000] {logging_mixin.py:188} WARNING - /home/***/.local/lib/python3.12/site-packages/***/task/task_runner/standard_task_runner.py:61 DeprecationWarning: This process (pid=5402) is multi-threaded, use of fork() may lead to deadlocks in the child.
[2024-05-10T08:59:59.790+0000] {standard_task_runner.py:63} INFO - Started process 5403 to run task
[2024-05-10T08:59:59.789+0000] {standard_task_runner.py:90} INFO - Running: ['***', 'tasks', 'run', 'xcom_push_and_pull_example_dag', 'pull_from_one', 'manual__2024-05-10T08:59:57.454347+00:00', '--job-id', '5867', '--raw', '--subdir', 'DAGS_FOLDER/io_dag.py', '--cfg-path', '/tmp/tmpv0xfr51n']
[2024-05-10T08:59:59.790+0000] {standard_task_runner.py:91} INFO - Job 5867: Subtask pull_from_one
[2024-05-10T08:59:59.819+0000] {task_command.py:426} INFO - Running <TaskInstance: xcom_push_and_pull_example_dag.pull_from_one manual__2024-05-10T08:59:57.454347+00:00 [running]> on host 92f239b8dd4a
[2024-05-10T08:59:59.866+0000] {taskinstance.py:2644} INFO - Exporting env vars: AIRFLOW_CTX_DAG_OWNER='***' AIRFLOW_CTX_DAG_ID='xcom_push_and_pull_example_dag' AIRFLOW_CTX_TASK_ID='pull_from_one' AIRFLOW_CTX_EXECUTION_DATE='2024-05-10T08:59:57.454347+00:00' AIRFLOW_CTX_TRY_NUMBER='1' AIRFLOW_CTX_DAG_RUN_ID='manual__2024-05-10T08:59:57.454347+00:00'
[2024-05-10T08:59:59.867+0000] {taskinstance.py:430} INFO - ::endgroup::
[2024-05-10T08:59:59.881+0000] {taskinstance.py:441} INFO - ::group::Post task execution logs
[2024-05-10T08:59:59.882+0000] {taskinstance.py:2890} ERROR - Task failed with exception
Traceback (most recent call last):
  File "/home/airflow/.local/lib/python3.12/site-packages/airflow/models/taskinstance.py", line 465, in _execute_task
    result = _execute_callable(context=context, **execute_callable_kwargs)
             ^^^^^^^^^^^^^^^^^^^^^^^^^^^^^^^^^^^^^^^^^^^^^^^^^^^^^^^^^^^^^
  File "/home/airflow/.local/lib/python3.12/site-packages/airflow/models/taskinstance.py", line 432, in _execute_callable
    return execute_callable(context=context, **execute_callable_kwargs)
           ^^^^^^^^^^^^^^^^^^^^^^^^^^^^^^^^^^^^^^^^^^^^^^^^^^^^^^^^^^^^
  File "/home/airflow/.local/lib/python3.12/site-packages/airflow/models/baseoperator.py", line 400, in wrapper
    return func(self, *args, **kwargs)
           ^^^^^^^^^^^^^^^^^^^^^^^^^^^
  File "/home/airflow/.local/lib/python3.12/site-packages/airflow/operators/python.py", line 235, in execute
    return_value = self.execute_callable()
                   ^^^^^^^^^^^^^^^^^^^^^^^
  File "/home/airflow/.local/lib/python3.12/site-packages/airflow/operators/python.py", line 252, in execute_callable
    return self.python_callable(*self.op_args, **self.op_kwargs)
           ^^^^^^^^^^^^^^^^^^^^^^^^^^^^^^^^^^^^^^^^^^^^^^^^^^^^^
  File "/opt/airflow/dags/io_dag.py", line 18, in pull_from_one
    print(vars(context['task_instance'].xcom_pull()))
          ^^^^^^^^^^^^^^^^^^^^^^^^^^^^^^^^^^^^^^^^^^
TypeError: vars() argument must have __dict__ attribute
[2024-05-10T08:59:59.887+0000] {taskinstance.py:1205} INFO - Marking task as FAILED. dag_id=xcom_push_and_pull_example_dag, task_id=pull_from_one, execution_date=20240510T085957, start_date=20240510T085959, end_date=20240510T085959
[2024-05-10T08:59:59.892+0000] {standard_task_runner.py:110} ERROR - Failed to execute job 5867 for task pull_from_one (vars() argument must have __dict__ attribute; 5403)
[2024-05-10T08:59:59.933+0000] {local_task_job_runner.py:240} INFO - Task exited with return code 1
[2024-05-10T08:59:59.943+0000] {taskinstance.py:3482} INFO - 0 downstream tasks scheduled from follow-on schedule check
[2024-05-10T08:59:59.944+0000] {local_task_job_runner.py:222} INFO - ::endgroup::
